Log started at 21.01.2022	18:51:06
Number of used processors (NPROC): 8.
Number of mesh partitions (NPART): 8.
Total Physical Memory = 7.85 Gb, Available Physical Memory = 2.60 Gb
Computer name:	DESKTOP-IGJN6G3
Operating system:	Windows 10 (or higher) (Version 10.0.19042)

SOLIDWORKS 2021 SP0.0
Flow Simulation 2021  x64 / 5075 / MESHER ver.  

Project: F:\solid works diagram\Venturimeter\solidworks file\1\1.xmlconfig
Configuration name: Default
Project name: Flow test
Problem type: internal-type
NGK: OFF
MBO: OFF
-----------------------------------------------------------------------
Mesher option run = eRunMesherNormal
-----------------------------------------------------------------------

Mesh generation started:	21.1.2022	18:51:6
Mesher adjust APD = OFF; AdjustAPD_method=0; N_per_Channel = 0; N2_per_Channel = 0
Current CPU = 0 sec
-----------------------------------------------------------------------
Geometries initialization:
-----------------------------------------------------------------------
Loading mesh settings (global/local)...
-----------------------------------------------------------------------
Number of geometries from DB: 1
Geometry(0):
	Guid = {00000000-0000-0000-0000-000000000000}
	Fluid..
	1 Body.
	1 Real body.
	-- Bodyset 0 --
		Tolerance=2.22547e-05.
		15 Face(s).
			15 of b-spline type.
		0 Face(s) that have no ref faces
		8 Plane surface(s).
		3 Cylinder surface(s).
		2 Cone surface(s).
		2 Torus surface(s).
		3258 Triangle(s).
		Getting triangle connectivities from DB: 0.001 s
		20 Edge(s).
			20 of b-spline type.
		BodyGeom reading: 0.015 s.
		9 Reference Face(s).
		3246 Reference Triangles.
		Getting triangle connectivities from DB (Ref): 0.000 s
		BodyGeom Ref reading: 0.001 s.
		Getting triangle connectivities from DB (Extra Triangulation): 0.000 s
Geometry(1):
	Solid.
	-- Bodyset 1 --
	Empty
-----------------------------------------------------------------------
Number of geometries in task: 2
Number of bodysets   in task: 2
-----------------------------------------------------------------------
	Making hash and connectivity for Bodyset ...
		CBodyGeom:
		Hash size: {24, 6, 6}.
		Mesh size: {24, 6, 6}.
		Hashing triangles...Ok.
			axis(0) tr sizes: average=184 max=922
			axis(1) tr sizes: average=80 max=853
			axis(2) tr sizes: average=81 max=854
		Number of t-connected sets:2
			(0) size=12
			(1) size=3246 cavity
		Done.
		CBodyGeomRef:
		Hashing triangles...Ok.
			axis(0) tr sizes: average=175 max=917
			axis(1) tr sizes: average=92 max=850
			axis(2) tr sizes: average=93 max=848
		Done.
	0.00826 s.
Hash BodySets boxes over base mesh...OK (0.000 s)
Geometries reading and preparing has taken 0.028 s.

Mapped triangles:
Hashing geometries triangles
	Triangles num=3258
	Triangles box={-0.0568859  ,0.139212  ,-0.0251001  ,0.0251001  ,-0.0251001  ,0.0251001  }
		3d-hash size is 52000 bytes
Hashing peculiar surfaces triangles
	Triangles num=48
	Triangles box={-0.0564949  ,-0.0564949  ,-0.025  ,0.025  ,-0.025  ,0.025  }
	Triangles num=48
	Triangles box={0.138821  ,0.138821  ,-0.0249462  ,0.0249462  ,-0.0249462  ,0.0249462  }
		3d-hash size is 4492 bytes
		3d-hash size is 4492 bytes
Mapped triangles processed in 0.012 s.
-----------------------------------------------------------------------
Getting sectors:
Number of sectors: 0
-----------------------------------------------------------------------
-----------------------------------------------------------------------

Current CPU = 0 sec
-----------------------------------------------------------------------
Checking faces on CD...
FCD = [0 0 0 0 0 0]
FCD_conflicts = 0
Time (check faces on CD)=0.000 s
-----------------------------------------------------------------------

-----------------------------------------------------------------------
Mesh dimensions:
				I[0 ]=24
				I[1 ]=6
				I[2 ]=6

Comp. domain size:
				a[0  ]=-0.0566902
				a[1  ]=0.139017
				a[2  ]=-0.02505
				a[3  ]=0.02505
				a[4  ]=-0.02505
				a[5  ]=0.02505

Fluid calculated			1
Solid calculated			0
-----------------------------------------------------------------------
MESH Build started...
-----------------------------------------------------------------------
Mesh LEVEL = 1
-----------------------------------------------------------------------
-----------------------------------------------------------------------
CPT-mode xeps:
	D / dh / eps [axis=0] = (0.195707, 0.00407595, 4.07595e-06)
	D / dh / eps [axis=1] = (0.0501, 0.00417387, 4.17387e-06)
	D / dh / eps [axis=2] = (0.0501, 0.00417404, 4.17404e-06)
-----------------------------------------------------------------------
Setting regions...OK (0.000 s)
-----------------------------------------------------------------------
Base mesh info:
	3D task
	Nx=24
	Ny=6
	Nz=6
	N(Nx*Ny*Nz) = 144
	Period    axis=[0, 0, 0]
	Symmetry  ni=[0 0 0 0 0 0]
	ZoomingBC ni=[0 0 0 0 0 0]
	Nx=24
		x[0]=-0.0566902
		x[1]=-0.0485332
		x[2]=-0.0403787
		x[3]=-0.0322243
		x[4]=-0.0240698
		x[5]=-0.0159154
		x[6]=-0.00776092
		x[7]=0.000393537
		x[8]=0.00854799
		x[9]=0.0167024
		x[10]=0.0248569
		x[11]=0.0330114
		x[12]=0.0411658
		x[13]=0.0493203
		x[14]=0.0574747
		x[15]=0.0656292
		x[16]=0.0737836
		x[17]=0.0819381
		x[18]=0.0900925
		x[19]=0.098247
		x[20]=0.106401
		x[21]=0.114556
		x[22]=0.12271
		x[23]=0.130865
		x[24]=0.139017
	Ny=6
		y[0]=-0.02505
		y[1]=-0.0166977
		y[2]=-0.00834773
		y[3]=2.26915e-06
		y[4]=0.00835227
		y[5]=0.0167023
		y[6]=0.02505
	Nz=6
		z[0]=-0.02505
		z[1]=-0.0166981
		z[2]=-0.00834808
		z[3]=1.92222e-06
		z[4]=0.00835192
		z[5]=0.0167019
		z[6]=0.02505
-----------------------------------------------------------------------
Input_mesh_settings--------------------------------
Settings 0----------------
	Scope: GLOBAL
	Type:	------MESHER_SETTINGS----------
	RefAllCells           =0
	RefFluidCells         =0
	RefPartCells          =0
	RefSolidCells         =0
	l_SSFR(Capture crit)  =1
	l_curv(Curvature crit)=0
	l_tol(Tolerance crit) =0
	UseChannelRef         =1
	  NCR_method          =0
	  l_NCR               =1
	  N_gap               =5
	  Use d_NCR_min       =0
	  Use d_NCR_max       =0
	IgnoreThinChannelsHeight         =0
	--END_OF_MESHER_SETTINGS-------
End of input mesh settings-------------------------
NxNyNz = [24, 6, 6]
base_dx=0.00828482; 
NxNyNz_reverse = [24, 6, 6]

-----------------------------------------------------------------------
Refining geometries:
-----------------------------------------------------------------------

-----------------------------------------------------------------------
Refining by triangulation...
Refinement input: 864 bricks
Refinement result: 864 bricks (0.007 s)
Refinement input: 864 bricks
Refinement result: 864 bricks (0.000 s)
Collecting and processing rays...OK (0.006 s)
Capturing...OK (0.000 s)
Refining by triangulation takes 0.014 s
-----------------------------------------------------------------------

-----------------------------------------------------------------------
Refining peculiar surfaces...
0 surfaces refined
Refining peculiar surfaces takes 0 s
-----------------------------------------------------------------------
Collecting and processing rays...OK (0.000 s)
Capturing...OK (0.000 s)

-----------------------------------------------------------------------
Base mesh 1 Refining...
Collecting and processing rays...OK (0.000 s)
Capturing...OK (0.000 s)
Refinement input: 864 bricks
Refinement result: 864 bricks (0.000 s)
-----------------------------------------------------------------------
Refining channels...
FYI: CNarrowChannelRefiner::RefineChannels_PRLL
Refinement input: 864 bricks
Setting regions...OK (0.000 s)
Refinement result: 3104 bricks (0.001 s)
Collecting and processing rays...OK (0.007 s)
Capturing...OK (0.001 s)
FYI: m_iteration_count = 0
FYI: level1 statistics:
     level1_cnt_plus[1]=2560;		level1_cnt_minus[1]=0
     level1_cnt_plus[2]=0;		level1_cnt_minus[2]=0
     level1_cnt_plus[3]=0;		level1_cnt_minus[3]=0
     level1_cnt_plus[4]=0;		level1_cnt_minus[4]=0
     level1_cnt_plus[5]=0;		level1_cnt_minus[5]=0
     level1_cnt_plus[6]=0;		level1_cnt_minus[6]=0
     level1_cnt_plus[7]=0;		level1_cnt_minus[7]=0
     level1_cnt_plus[8]=0;		level1_cnt_minus[8]=0
     level1_cnt_plus[9]=0;		level1_cnt_minus[9]=0
Refinement input: 3104 bricks
Setting regions...OK (0.000 s)
Refinement result: 3132 bricks (0.001 s)
Collecting and processing rays...OK (0.000 s)
Capturing...OK (0.000 s)
FYI: m_iteration_count = 1
FYI: level1 statistics:
     level1_cnt_plus[1]=2592;		level1_cnt_minus[1]=0
     level1_cnt_plus[2]=0;		level1_cnt_minus[2]=0
     level1_cnt_plus[3]=0;		level1_cnt_minus[3]=0
     level1_cnt_plus[4]=0;		level1_cnt_minus[4]=0
     level1_cnt_plus[5]=0;		level1_cnt_minus[5]=0
     level1_cnt_plus[6]=0;		level1_cnt_minus[6]=0
     level1_cnt_plus[7]=0;		level1_cnt_minus[7]=0
     level1_cnt_plus[8]=0;		level1_cnt_minus[8]=0
     level1_cnt_plus[9]=0;		level1_cnt_minus[9]=0
Refinement input: 3132 bricks
Setting regions...OK (0.000 s)
Refinement result: 3146 bricks (0.000 s)
Collecting and processing rays...OK (0.000 s)
Capturing...OK (0.000 s)
FYI: m_iteration_count = 2
FYI: level1 statistics:
     level1_cnt_plus[1]=2608;		level1_cnt_minus[1]=0
     level1_cnt_plus[2]=0;		level1_cnt_minus[2]=0
     level1_cnt_plus[3]=0;		level1_cnt_minus[3]=0
     level1_cnt_plus[4]=0;		level1_cnt_minus[4]=0
     level1_cnt_plus[5]=0;		level1_cnt_minus[5]=0
     level1_cnt_plus[6]=0;		level1_cnt_minus[6]=0
     level1_cnt_plus[7]=0;		level1_cnt_minus[7]=0
     level1_cnt_plus[8]=0;		level1_cnt_minus[8]=0
     level1_cnt_plus[9]=0;		level1_cnt_minus[9]=0
FYI: m_iteration_count = 3
FYI: level1 statistics:
     level1_cnt_plus[1]=2608;		level1_cnt_minus[1]=0
     level1_cnt_plus[2]=0;		level1_cnt_minus[2]=0
     level1_cnt_plus[3]=0;		level1_cnt_minus[3]=0
     level1_cnt_plus[4]=0;		level1_cnt_minus[4]=0
     level1_cnt_plus[5]=0;		level1_cnt_minus[5]=0
     level1_cnt_plus[6]=0;		level1_cnt_minus[6]=0
     level1_cnt_plus[7]=0;		level1_cnt_minus[7]=0
     level1_cnt_plus[8]=0;		level1_cnt_minus[8]=0
     level1_cnt_plus[9]=0;		level1_cnt_minus[9]=0
FYI: level1 statistics:
     level1_cnt_plus[1]=2608;		level1_cnt_minus[1]=0
     level1_cnt_plus[2]=0;		level1_cnt_minus[2]=0
     level1_cnt_plus[3]=0;		level1_cnt_minus[3]=0
     level1_cnt_plus[4]=0;		level1_cnt_minus[4]=0
     level1_cnt_plus[5]=0;		level1_cnt_minus[5]=0
     level1_cnt_plus[6]=0;		level1_cnt_minus[6]=0
     level1_cnt_plus[7]=0;		level1_cnt_minus[7]=0
     level1_cnt_plus[8]=0;		level1_cnt_minus[8]=0
     level1_cnt_plus[9]=0;		level1_cnt_minus[9]=0

-----------------------------------------------------------------------
U-shapes refinement...
Refinement input: 3146 bricks
Refinement result: 3146 bricks (0.000 s)
Collecting and processing rays...OK (0.000 s)
Capturing...OK (0.000 s)
-----------------------------------------------------------------------

-----------------------------------------------------------------------
Equi Distant Refiner:
Equi Distant Refiner takes 0.00 s
-----------------------------------------------------------------------

/-Ray Intersection---------------/ Time	0.066 s
Calls			1199
CorrectRay Calls	0



-----------------------------------------------------------------------
Refining geometries takes 0.061 s
-----------------------------------------------------------------------
Defect ray count	0
FYI: CNarrowChannelRefiner::RedistributeLevel1_step_1: is finished
FYI: level1 statistics:
     level1_cnt_plus[1]=2608;		level1_cnt_minus[1]=0
     level1_cnt_plus[2]=0;		level1_cnt_minus[2]=0
     level1_cnt_plus[3]=0;		level1_cnt_minus[3]=0
     level1_cnt_plus[4]=0;		level1_cnt_minus[4]=0
     level1_cnt_plus[5]=0;		level1_cnt_minus[5]=0
     level1_cnt_plus[6]=0;		level1_cnt_minus[6]=0
     level1_cnt_plus[7]=0;		level1_cnt_minus[7]=0
     level1_cnt_plus[8]=0;		level1_cnt_minus[8]=0
     level1_cnt_plus[9]=0;		level1_cnt_minus[9]=0
FYI: CNarrowChannelRefiner::RedistributeLevel1_step_2: is started
FYI: CNarrowChannelRefiner::RedistributeLevel1_step_2: is finished
FYI: level1 statistics:
     level1_cnt_plus[1]=2608;		level1_cnt_minus[1]=0
     level1_cnt_plus[2]=0;		level1_cnt_minus[2]=0
     level1_cnt_plus[3]=0;		level1_cnt_minus[3]=0
     level1_cnt_plus[4]=0;		level1_cnt_minus[4]=0
     level1_cnt_plus[5]=0;		level1_cnt_minus[5]=0
     level1_cnt_plus[6]=0;		level1_cnt_minus[6]=0
     level1_cnt_plus[7]=0;		level1_cnt_minus[7]=0
     level1_cnt_plus[8]=0;		level1_cnt_minus[8]=0
     level1_cnt_plus[9]=0;		level1_cnt_minus[9]=0
FYI: CNarrowChannelRefiner::RedistributeLevel1_step_3: is started
FYI: CNarrowChannelRefiner::RedistributeLevel1_step_3: is finished
RedistributeLevel1 takes:
FYI: level1 statistics:
     level1_cnt_plus[1]=2608;		level1_cnt_minus[1]=0
     level1_cnt_plus[2]=0;		level1_cnt_minus[2]=0
     level1_cnt_plus[3]=0;		level1_cnt_minus[3]=0
     level1_cnt_plus[4]=0;		level1_cnt_minus[4]=0
     level1_cnt_plus[5]=0;		level1_cnt_minus[5]=0
     level1_cnt_plus[6]=0;		level1_cnt_minus[6]=0
     level1_cnt_plus[7]=0;		level1_cnt_minus[7]=0
     level1_cnt_plus[8]=0;		level1_cnt_minus[8]=0
     level1_cnt_plus[9]=0;		level1_cnt_minus[9]=0
-----------------------------------------------------------------------
MSH format builder (Iteration 0)
-----------------------------------------------------------------------
Memory Working Set Current = 32.15 Mb, Memory Working Set Peak = 33.98 Mb
Process Threads Number: 14
-----------------------------------------------------------------------
Total bricks count: 3146
-----------------------------------------------------------------------
MSH (Real Geometry) format constructor:
	Geom    Count = 2
	Bodyset Count = 2
	3D task
	Getting brick sets...OK (0.000 s)

	Min x-stack xeps = 0.0001001
	D / dh / eps [axis=0] = (0.195707, 0.00407595, 4.07595e-06)
	D / dh / eps [axis=1] = (0.0501, 0.00417387, 4.17387e-06)
	D / dh / eps [axis=2] = (0.0501, 0.00417404, 4.17404e-06)
	Time (xeps): 0.001 s
Level 1
	Set (0)  size: 1304
	Set (0)  time: 0.018 s
	Set (1)  size: 1304
	Set (1)  time: 0.013 s
Level 0
	Set (0)  size: 270
	Set (0)  time: 0.003 s
	Set (1)  size: 268
	Set (1)  time: 0.003 s
Result:
	Bricks number:                        3146

	Memory usage:                         0.957 MB
	Memory usage (per brick):             0.311 KB
	Construction time:                    0.040 s

	Topology features:
	------------------
	- High quality bricks                  100.00 % (3146)
	- Medium quality bricks                  0.00 % (0)
	- Bad quality bricks                     0.00 % (0)
	- Type-1 bricks                         48.06 % (1512)
	- Ribs corrected bricks                  0.00 % (0)
	- Points with geom-info (bricks)         0.00 % (0)
	- Points with closest-info (bricks)      0.00 % (0)
	- Triangulated by center (bricks)        0.00 % (0)
	- Facet w-faces mergings (bricks)        0.00 % (0)
	- To refine (bricks)                     0.00 % (0)
	- Points-count                           0.00 % (0)
	- T-self-intersection-all (bricks)       0.00 % (0)
	- T-self-intersection-simple (bricks)    0.00 % (0)
	- T-self-intersection-complex (bricks)   0.00 % (0)

-----------------------------------------------------------------------
Memory Working Set Current = 37.32 Mb, Memory Working Set Peak = 37.32 Mb
Process Threads Number: 14
-----------------------------------------------------------------------
-----------------------------------------------------------------------
msh-iterations: 1
-----------------------------------------------------------------------
high---q-brick-count = 100.00 % (3146 3146)
medium-q-brick-count =   0.00 % (3146 0)
bad----q-brick-count =   0.00 % (3146 0)
-----------------------------------------------------------------------
Free brick parser storage...OK(0.002 s)
-----------------------------------------------------------------------
Memory Working Set Current = 35.50 Mb, Memory Working Set Peak = 37.71 Mb
Process Threads Number: 14
-----------------------------------------------------------------------
-----------------------------------------------------------------------
MSH --> BCF format (Iteration 0)...
BCF collector...(remove mode=0)
	Time (alloc counter per brick): 0.000 s
	Brick    count: 3146
	Av.f all count: 2211
	Av.s all count: 2447
	Av.f pid count: 1512
	Av.s pid count: 1512
	Faces fs count: 3164
	Faces ff count: 0
	Faces ss count: 0
	Faces bb count: 0
	Faces fe count: 0
	Faces se count: 1338
	Faces fw count: 4502
	Faces af count: 6075
	Faces as count: 6527
	Time (all count): 	0.001 s
	Time (bcf alloc): 	0.001 s
	Time (shifts alloc): 	0.000 s
	Time (shifts init): 	0.000 s
	Time (bcf fill): 	0.002 s
	Time (add av to faces): 0.000 s
	Time (add faces to av): 0.001 s
Time (bcf collect): 		0.006 s
	AV checker...
	Time (check av): 	0.001 s
	Subdomain checker...
		Subdomains construction time: 0.001 s.
		Subdomains sort time: 0.000 s.
			Subdomain 0 (geom_ind=0): 2211 av
			Subdomain 1 (geom_ind=1): 2447 av
		gi: 0, subdomains: 1, real bodies: 1
		gi: 1, subdomains: 1, real bodies: 0
		Defect subdomains: 0
	Time (check subdoms): 	0.001 s
Time (bcf iteration total): 	0.009 s
	Time (fw-nb): 		0.001 s
	Fixed mutual fw-nb:     1872 (bb: 0)
	Time (fw-nb mutual): 	0.001 s
	Time (fw-nb sort): 	0.000 s
	Fw-opt BEFORE total:    4502 (fs=3164, ff=0, ss=0)
	Fw-opt AFTER  total:    3074 (fs=1736, ff=0, ss=0, failed fw/br=0/0, big_curv=0, big_poly=0)
	Fw-opt RESULT:          1428 (res/(fs+ff+ss) = 45.13 %)
	Time (fw-opt): 		0.001 s
	Time (fw-re-order): 	0.001 s
	Time (fw-nb): 		0.003 s
	Fixed mutual fw-nb:     6310 (bb: 0)
	Time (fw-nb mutual): 	0.001 s
	Time (fw-nb sort): 	0.000 s
	Time (rfd fix): 	0.000 s
	Time (av convexity): 	0.001 s
	Time (av small volume): 0.000 s
	Time (diagonal fw-nb): 	0.003 s
	Fixed mutual fw-nb:     0 (bb: 0)
	Time (fw-nb mutual): 	0.000 s
	Time (fw-nb sort): 	0.000 s
	Fluid subdomains: 1
	Faces fw-nb diff sd:    0
	Time (fw-nb diff sd): 	0.000 s
Time (bcf calc): 		0.014 s
-----------------------------------------------------------------------
Time (bcf total): 		0.023 s
-----------------------------------------------------------------------
-----------------------------------------------------------------------
Mega-cv constructor for fluid...
	 0 av's is treated as thin
Relative size generator (threshold = 0.05)...
	Iteration 1 (small cluster count = 119)
	Iteration 2 (small cluster count = 40)
	Iteration 3 (small cluster count = 0)
	 113 mega-cv's generated
	 6 mega-cv's removed
Relative size generator is completed OK (0.001 s)
Apply fa-rules to mega-cv clusters fixes...
OK (0.000 s)
Convert clusters:
	 107 mega-cv's total
Mega-cv count: 107
Time (mega-cv fill): 	0.000 s
Time (mega-cv total): 	0.003 s
-----------------------------------------------------------------------
Mixing plane rotation regions: NO.
Sliding mesh rotation regions: NO.
Fluid/fluid faces: NO.
-----------------------------------------------------------------------
Memory Working Set Current = 39.19 Mb, Memory Working Set Peak = 39.19 Mb
Process Threads Number: 14
-----------------------------------------------------------------------
----------------------------------------------------------
BCF --> BCF.GEOMSUBDOM (bridge arrays):
MESH (0):
	Fluid Subdom Constructor: 1 subdom(s).
	Solid Subdom Constructor: 1 subdom(s).
	Net Asm Subdom Constructor: 0 subdom(s).
	GEOMSUBDOM (0): gi=0 fluid av=2211 cv=2092 fa=6075 fb=0 fw=1736 V=1.983484e-04
	Cache data...OK
	GEOMSUBDOM (1): gi=1 solid av=2447 cv=2447 fa=6527 fb=0 fw=3074 V=2.928779e-04
	Cache data...OK
	Setting nb of w-faces...OK (0.001 s).
	Correcting nb of w-faces...
	Time(correct_fw_nb)=0.001 s

MESH (0) checking:
	GEOMSUBDOM (0):fa_s=0.1022023478231168 fb_s=0.0000000000000000 fw_s=0.0246885610987556 fw_nb=13716
	              :d_const(560)=3.74754e-15 d_linear(4)=2.08679e-14
	GEOMSUBDOM (1):fa_s=0.1207009743810155 fb_s=0.0000000000000000 fw_s=0.0689282410887301 fw_nb=19244
	              :d_const(2277)=3.17886e-15 d_linear(2310)=4.82882e-12
MESH (0) checking: OK.
Time (MDS): 	0.013 s
----------------------------------------------------------
-----------------------------------------------------------------------
Memory Working Set Current = 40.61 Mb, Memory Working Set Peak = 40.62 Mb
Process Threads Number: 14
-----------------------------------------------------------------------

-----------------------------------------------------------------------
BCF CHECKSUM DATA (Mesh 0):

BRICK |Level1| Sum:               2608
FACE_A Area Sum:   G.Fluid        0.1022023478231168
FACE_A Area Sum:   G.Solid        0.1207009743810155
FACE_W Area Sum:                  0.0689282410887301
FACE_W Nb   Sum:                  19244
FACE_W min curvatures sum:        -104469.42487335
FACE_W max curvatures sum:        3598.14136505
AV Max Disbalance(Const) :        3.74754e-15 (cid=2753, t={6, 2, 11}, avid=1971, pid=1320)
AV Max Disbalance(Linear):        8.29353e-12 (cid=890, t={35, 9, 2}, avid=548, pid=418)
-----------------------------------------------------------------------


-----------------------------------------------------------------------
MESHER TOPOLOGY DATA:

BRICKS: Total                 3146
BRICKS: Max AV number         2
AV:     G.Total               4658
AV:     G.Fluid               2211
AV:     G.Solid               2447

AV:     G.Fluid Thin Profile    0.00 % (0)
AV:     G.Solid Thin Profile    0.00 % (0)

AV:     G.Fluid Thin For Mega   0.00 % (0)
AV:     G.Solid Thin For Mega   0.00 % (0)

AV:     G.Fluid Non-Convex     17.91 % (396)
AV:     G.Solid Non-Convex     29.02 % (710)

AV:     G.Fluid Non-Ess-Convex      1.63 % (36)
AV:     G.Solid Non-Ess-Convex      9.11 % (223)

FACE_A: G.Fluid          (af) 6075 (partially opened 3098)
FACE_A: G.Solid          (as) 6527 (partially opened 3098)

FACE_B: G.Total          (b)  0

FACE_W: G.Total                 3074        Brick/Bound
FACE_W: G.Fluid/Solid    (fs_g) 1736        0           
FACE_W: G.Fluid/Fluid    (ff_g) 0           0           
FACE_W: G.Solid/Solid    (ss_g) 0           0           
FACE_W: G.Fluid/External (fe_g) 0
FACE_W: G.Solid/External (se_g) 1338

AV/CV max fa count (on brick side):5
AV/CV max fw count:                5
AV/CV max fb count:                0
AV/CV max fw poly count:           8

MEMORY: Total                   1.678 MB
MEMORY: Per Brick               0.546 KB
-----------------------------------------------------------------------

-----------------------------------------------------------------------
Connectivities information:
	Number of conns: 0
-----------------------------------------------------------------------
	Time (gap size): 	0.004 s
-----------------------------------------------------------------------
Calculating curvature and tolerance criteria...
Curvature: min=0 max=1.5708
Tolerance: min=0 max=0.00288698
Calculating curvature and tolerance criteria takes 0.013 s
-----------------------------------------------------------------------
MESH Build(FS) finished. Time=0.227 s
-----------------------------------------------------------------------
Current CPU = 0 sec

Nx=24
Ny=6
Nz=6
Max BRICK Level=1
Mesh Level=1
-----------------CModelBodies2MeshMapper::CollectData started -------------------------------
-----------------CModelBodies2MeshMapper Report -------------------------------
FluidDomains 1 SolidDomains 1 VoidDomains 0 
Domains RefIndexes
Domain 0, Index count 9
Domain 1, Index count 9
----------------- -------------------------------
	ModelBodies
Total resolved Bodies 0 BodySets 0

--------------------------------------------------------------------------
	Positive geometry Bodies
Total resolved Bodies 1 BodySets 1
BodySet 0
	Bodies list:
			#0	Name: ;	ID: 27fff533-f2c3-4983-b766-2507349c7645
	Domains list:		 0 

--------------------------------------------------------------------------
	Fluid regions
Total resolved Bodies 1 BodySets 1
BodySet 0	Material: Water; 
	Bodies list:
			#0	Name: ;	ID: 27fff533-f2c3-4983-b766-2507349c7645
	Domains list:		 0 

--------------------------------------------------------------------------
-----------------CModelBodies2MeshMapper::CollectData finished successfully-------------------
Saving initial mesh in: F:\solid works diagram\Venturimeter\solidworks file\1\1.fld .
Storing results...
Estimated CPT size=0.896 MB.
	Time (write bcf): 0.042 s
OK
-----------------------------------------------------------------------
Memory Working Set Current = 41.32 Mb, Memory Working Set Peak = 41.33 Mb
Process Threads Number: 14
-----------------------------------------------------------------------
Cleaning memory...
		Time (free xsl):                    	0.000 s
Free Geometry DB takes 0.000 s
	Time (free bcf): 	0.004 s
		Time (free bcf mesh):               	0.006 s
	Time (free mesher data):              	0.008 s
Copying... OK
Mesh generation normally finished at	21.1.2022	18:51:6
Mesher CPU = 0 sec
Mesher is finished at	21.1.2022	18:51:6
-----------------------------------------------------------------------
Memory Working Set Current = 32.17 Mb, Memory Working Set Peak = 41.72 Mb
Process Threads Number: 14
-----------------------------------------------------------------------
Algebra Pool      : mem_usage = 0.12 Mb, allocated count = 0
Log ended at 21.01.2022	18:51:06
